Writing to file model_at_200bp_with_4_states/transitions_4.txt
Writing to file model_at_200bp_with_4_states/emissions_4.txt
Writing to file model_at_200bp_with_4_states/emissions_4.svg
Writing to file model_at_200bp_with_4_states/emissions_4.png
Writing to file model_at_200bp_with_4_states/transitions_4.png
Writing to file model_at_200bp_with_4_states/transitions_4.svg
Writing to file model_at_200bp_with_4_states/model_4.txt
 Iteration  Estimated Log Likelihood     Change    Total Time (secs)
         1               -425425.817          -                  0.9
         2               -405877.983  19547.834                  1.3
         3               -400655.565   5222.418                  1.6
         4               -398115.967   2539.598                  2.0
         5               -396891.317   1224.650                  2.3
         6               -396303.470    587.847                  2.7
         7               -396014.456    289.015                  3.0
         8               -395866.292    148.164                  3.2
         9               -395786.991     79.301                  3.3
        10               -395743.011     43.980                  3.4
        11               -395717.834     25.177                  3.5
        12               -395703.230     14.605                  3.6
        13               -395694.836      8.394                  3.8
        14               -395689.975      4.860                  3.9
        15               -395687.124      2.852                  4.0
        16               -395685.430      1.693                  4.1
        17               -395684.412      1.018                  4.3
        18               -395683.791      0.621                  4.4
        19               -395683.406      0.385                  4.5
        20               -395683.162      0.243                  4.6
        21               -395683.006      0.157                  4.7
        22               -395682.902      0.103                  4.9
        23               -395682.833      0.069                  5.0
        24               -395682.785      0.048                  5.1
        25               -395682.752      0.034                  5.2
        26               -395682.727      0.024                  5.3
        27               -395682.708      0.019                  5.5
        28               -395682.693      0.016                  5.6
        29               -395682.677      0.016                  5.7
        30               -395682.660      0.017                  5.8
        31               -395682.639      0.021                  5.9
        32               -395682.614      0.025                  6.1
        33               -395682.587      0.027                  6.2
        34               -395682.563      0.025                  6.3
        35               -395682.543      0.019                  6.5
        36               -395682.530      0.014                  6.6
        37               -395682.521      0.009                  6.7
        38               -395682.515      0.006                  6.9
        39               -395682.511      0.004                  7.0
        40               -395682.509      0.002                  7.1
        41               -395682.508      0.001                  7.3
        42               -395682.507      0.001                  7.4
Writing to file model_at_200bp_with_4_states/WD_4_segments.bed
Writing to file model_at_200bp_with_4_states/WD_4_dense.bed
Writing to file model_at_200bp_with_4_states/WD_4_expanded.bed
Writing to file model_at_200bp_with_4_states/WD_4_overlap.txt
Writing to file model_at_200bp_with_4_states/WD_4_overlap.png
Writing to file model_at_200bp_with_4_states/WD_4_overlap.svg
Writing to file model_at_200bp_with_4_states/WD_4_RefSeqTES_neighborhood.txt
Writing to file model_at_200bp_with_4_states/WD_4_RefSeqTES_neighborhood.png
Writing to file model_at_200bp_with_4_states/WD_4_RefSeqTES_neighborhood.svg
Writing to file model_at_200bp_with_4_states/WD_4_RefSeqTSS_neighborhood.txt
Writing to file model_at_200bp_with_4_states/WD_4_RefSeqTSS_neighborhood.png
Writing to file model_at_200bp_with_4_states/WD_4_RefSeqTSS_neighborhood.svg
Warning could not automatically open in a browser model_at_200bp_with_4_states/webpage_4.html
